# JRE version: Java(TM) SE Runtime Environment (8.0_101-b13) (build 1.8.0_101-b13)
# Java VM: Java HotSpot(TM) 64-Bit Server VM (25.101-b13 mixed mode windows-amd64 compressed oops)
Heap:
 PSYoungGen      total 381440K, used 98333K [0x00000000d5d00000, 0x00000000ef380000, 0x0000000100000000)
  eden space 348672K, 23% used [0x00000000d5d00000,0x00000000dac9ff10,0x00000000eb180000)
  from space 32768K, 51% used [0x00000000ed380000,0x00000000ee3e7568,0x00000000ef380000)
  to   space 33792K, 0% used [0x00000000eb180000,0x00000000eb180000,0x00000000ed280000)
 ParOldGen       total 98304K, used 21845K [0x0000000081600000, 0x0000000087600000, 0x00000000d5d00000)
  object space 98304K, 22% used [0x0000000081600000,0x0000000082b557b0,0x0000000087600000)
 Metaspace       used 46011K, capacity 46514K, committed 46976K, reserved 1091584K
  class space    used 5612K, capacity 5749K, committed 5760K, reserved 1048576K
GC Heap History (10 events):
Event: 10.107 GC heap before
{Heap before GC invocations=12 (full 1):
 PSYoungGen      total 213504K, used 213476K [0x00000000d5d00000, 0x00000000e5780000, 0x0000000100000000)
  eden space 192000K, 100% used [0x00000000d5d00000,0x00000000e1880000,0x00000000e1880000)
  from space 21504K, 99% used [0x00000000e3300000,0x00000000e47f91b0,0x00000000e4800000)
  to   space 27136K, 0% used [0x00000000e1880000,0x00000000e1880000,0x00000000e3300000)
 ParOldGen       total 65536K, used 35145K [0x0000000081600000, 0x0000000085600000, 0x00000000d5d00000)
  object space 65536K, 53% used [0x0000000081600000,0x0000000083852688,0x0000000085600000)
 Metaspace       used 25491K, capacity 25894K, committed 26368K, reserved 1073152K
  class space    used 3130K, capacity 3228K, committed 3328K, reserved 1048576K
Event: 10.139 GC heap after
Heap after GC invocations=12 (full 1):
 PSYoungGen      total 219136K, used 27132K [0x00000000d5d00000, 0x00000000ea200000, 0x0000000100000000)
  eden space 192000K, 0% used [0x00000000d5d00000,0x00000000d5d00000,0x00000000e1880000)
  from space 27136K, 99% used [0x00000000e1880000,0x00000000e32ff0b0,0x00000000e3300000)
  to   space 33792K, 0% used [0x00000000e8100000,0x00000000e8100000,0x00000000ea200000)
 ParOldGen       total 65536K, used 42480K [0x0000000081600000, 0x0000000085600000, 0x00000000d5d00000)
  object space 65536K, 64% used [0x0000000081600000,0x0000000083f7c188,0x0000000085600000)
 Metaspace       used 25491K, capacity 25894K, committed 26368K, reserved 1073152K
  class space    used 3130K, capacity 3228K, committed 3328K, reserved 1048576K
}
Event: 13.302 GC heap before
{Heap before GC invocations=13 (full 1):
 PSYoungGen      total 219136K, used 219132K [0x00000000d5d00000, 0x00000000ea200000, 0x0000000100000000)
  eden space 192000K, 100% used [0x00000000d5d00000,0x00000000e1880000,0x00000000e1880000)
  from space 27136K, 99% used [0x00000000e1880000,0x00000000e32ff0b0,0x00000000e3300000)
  to   space 33792K, 0% used [0x00000000e8100000,0x00000000e8100000,0x00000000ea200000)
 ParOldGen       total 65536K, used 42480K [0x0000000081600000, 0x0000000085600000, 0x00000000d5d00000)
  object space 65536K, 64% used [0x0000000081600000,0x0000000083f7c188,0x0000000085600000)
 Metaspace       used 32058K, capacity 32412K, committed 32768K, reserved 1077248K
  class space    used 3920K, capacity 4005K, committed 4096K, reserved 1048576K
Event: 13.337 GC heap after
Heap after GC invocations=13 (full 1):
 PSYoungGen      total 290816K, used 22158K [0x00000000d5d00000, 0x00000000e9f00000, 0x0000000100000000)
  eden space 260096K, 0% used [0x00000000d5d00000,0x00000000d5d00000,0x00000000e5b00000)
  from space 30720K, 72% used [0x00000000e8100000,0x00000000e96a3868,0x00000000e9f00000)
  to   space 34816K, 0% used [0x00000000e5b00000,0x00000000e5b00000,0x00000000e7d00000)
 ParOldGen       total 65536K, used 44884K [0x0000000081600000, 0x0000000085600000, 0x00000000d5d00000)
  object space 65536K, 68% used [0x0000000081600000,0x00000000841d51a8,0x0000000085600000)
 Metaspace       used 32058K, capacity 32412K, committed 32768K, reserved 1077248K
  class space    used 3920K, capacity 4005K, committed 4096K, reserved 1048576K
}
Event: 14.231 GC heap before
{Heap before GC invocations=14 (full 1):
 PSYoungGen      total 290816K, used 76889K [0x00000000d5d00000, 0x00000000e9f00000, 0x0000000100000000)
  eden space 260096K, 21% used [0x00000000d5d00000,0x00000000d9272ba8,0x00000000e5b00000)
  from space 30720K, 72% used [0x00000000e8100000,0x00000000e96a3868,0x00000000e9f00000)
  to   space 34816K, 0% used [0x00000000e5b00000,0x00000000e5b00000,0x00000000e7d00000)
 ParOldGen       total 65536K, used 44884K [0x0000000081600000, 0x0000000085600000, 0x00000000d5d00000)
  object space 65536K, 68% used [0x0000000081600000,0x00000000841d51a8,0x0000000085600000)
 Metaspace       used 34704K, capacity 35060K, committed 35456K, reserved 1081344K
  class space    used 4303K, capacity 4393K, committed 4480K, reserved 1048576K
Event: 14.247 GC heap after
Heap after GC invocations=14 (full 1):
 PSYoungGen      total 294912K, used 3751K [0x00000000d5d00000, 0x00000000ef580000, 0x0000000100000000)
  eden space 260096K, 0% used [0x00000000d5d00000,0x00000000d5d00000,0x00000000e5b00000)
  from space 34816K, 10% used [0x00000000e5b00000,0x00000000e5ea9d00,0x00000000e7d00000)
  to   space 34816K, 0% used [0x00000000ed380000,0x00000000ed380000,0x00000000ef580000)
 ParOldGen       total 65536K, used 50921K [0x0000000081600000, 0x0000000085600000, 0x00000000d5d00000)
  object space 65536K, 77% used [0x0000000081600000,0x00000000847ba7f0,0x0000000085600000)
 Metaspace       used 34704K, capacity 35060K, committed 35456K, reserved 1081344K
  class space    used 4303K, capacity 4393K, committed 4480K, reserved 1048576K
}
Event: 14.247 GC heap before
{Heap before GC invocations=15 (full 2):
 PSYoungGen      total 294912K, used 3751K [0x00000000d5d00000, 0x00000000ef580000, 0x0000000100000000)
  eden space 260096K, 0% used [0x00000000d5d00000,0x00000000d5d00000,0x00000000e5b00000)
  from space 34816K, 10% used [0x00000000e5b00000,0x00000000e5ea9d00,0x00000000e7d00000)
  to   space 34816K, 0% used [0x00000000ed380000,0x00000000ed380000,0x00000000ef580000)
 ParOldGen       total 65536K, used 50921K [0x0000000081600000, 0x0000000085600000, 0x00000000d5d00000)
  object space 65536K, 77% used [0x0000000081600000,0x00000000847ba7f0,0x0000000085600000)
 Metaspace       used 34704K, capacity 35060K, committed 35456K, reserved 1081344K
  class space    used 4303K, capacity 4393K, committed 4480K, reserved 1048576K
Event: 14.339 GC heap after
Heap after GC invocations=15 (full 2):
 PSYoungGen      total 294912K, used 0K [0x00000000d5d00000, 0x00000000ef580000, 0x0000000100000000)
  eden space 260096K, 0% used [0x00000000d5d00000,0x00000000d5d00000,0x00000000e5b00000)
  from space 34816K, 0% used [0x00000000e5b00000,0x00000000e5b00000,0x00000000e7d00000)
  to   space 34816K, 0% used [0x00000000ed380000,0x00000000ed380000,0x00000000ef580000)
 ParOldGen       total 98304K, used 21837K [0x0000000081600000, 0x0000000087600000, 0x00000000d5d00000)
  object space 98304K, 22% used [0x0000000081600000,0x0000000082b537b0,0x0000000087600000)
 Metaspace       used 34704K, capacity 35060K, committed 35456K, reserved 1081344K
  class space    used 4303K, capacity 4393K, committed 4480K, reserved 1048576K
}
Event: 3602.709 GC heap before
{Heap before GC invocations=16 (full 2):
 PSYoungGen      total 294912K, used 260096K [0x00000000d5d00000, 0x00000000ef580000, 0x0000000100000000)
  eden space 260096K, 100% used [0x00000000d5d00000,0x00000000e5b00000,0x00000000e5b00000)
  from space 34816K, 0% used [0x00000000e5b00000,0x00000000e5b00000,0x00000000e7d00000)
  to   space 34816K, 0% used [0x00000000ed380000,0x00000000ed380000,0x00000000ef580000)
 ParOldGen       total 98304K, used 21837K [0x0000000081600000, 0x0000000087600000, 0x00000000d5d00000)
  object space 98304K, 22% used [0x0000000081600000,0x0000000082b537b0,0x0000000087600000)
 Metaspace       used 45532K, capacity 45962K, committed 46464K, reserved 1089536K
  class space    used 5601K, capacity 5717K, committed 5760K, reserved 1048576K
Event: 3602.746 GC heap after
Heap after GC invocations=16 (full 2):
 PSYoungGen      total 381440K, used 16797K [0x00000000d5d00000, 0x00000000ef380000, 0x0000000100000000)
  eden space 348672K, 0% used [0x00000000d5d00000,0x00000000d5d00000,0x00000000eb180000)
  from space 32768K, 51% used [0x00000000ed380000,0x00000000ee3e7568,0x00000000ef380000)
  to   space 33792K, 0% used [0x00000000eb180000,0x00000000eb180000,0x00000000ed280000)
 ParOldGen       total 98304K, used 21845K [0x0000000081600000, 0x0000000087600000, 0x00000000d5d00000)
  object space 98304K, 22% used [0x0000000081600000,0x0000000082b557b0,0x0000000087600000)
 Metaspace       used 45532K, capacity 45962K, committed 46464K, reserved 1089536K
  class space    used 5601K, capacity 5717K, committed 5760K, reserved 1048576K
}

